<?xml version="1.0" encoding="UTF-8"?>
<!-- Generated by org.testng.reporters.JUnitXMLReporter -->
<testsuite hostname="IBM571-PC0DXR77" ignored="0" name="Default test" tests="29" failures="2" timestamp="17 Jul 2018 12:38:29 GMT" time="0.145" errors="0">
  <testcase name="printSomething" time="0.011" classname="com.automation.practice.selenium.TestNGTest">
    <failure type="java.lang.ArithmeticException" message="/ by zero">
      <![CDATA[java.lang.ArithmeticException: / by zero
at com.automation.practice.selenium.TestNGTest.printSomething(TestNGTest.java:42)
at sun.reflect.NativeMethodAccessorImpl.invoke0(Native Method)
at sun.reflect.NativeMethodAccessorImpl.invoke(Unknown Source)
at sun.reflect.DelegatingMethodAccessorImpl.invoke(Unknown Source)
at java.lang.reflect.Method.invoke(Unknown Source)
at org.testng.internal.MethodInvocationHelper.invokeMethod(MethodInvocationHelper.java:124)
at org.testng.internal.Invoker.invokeMethod(Invoker.java:580)
at org.testng.internal.Invoker.invokeTestMethod(Invoker.java:716)
at org.testng.internal.Invoker.invokeTestMethods(Invoker.java:988)
at org.testng.internal.TestMethodWorker.invokeTestMethods(TestMethodWorker.java:125)
at org.testng.internal.TestMethodWorker.run(TestMethodWorker.java:109)
at org.testng.TestRunner.privateRun(TestRunner.java:648)
at org.testng.TestRunner.run(TestRunner.java:505)
at org.testng.SuiteRunner.runTest(SuiteRunner.java:455)
at org.testng.SuiteRunner.runSequentially(SuiteRunner.java:450)
at org.testng.SuiteRunner.privateRun(SuiteRunner.java:415)
at org.testng.SuiteRunner.run(SuiteRunner.java:364)
at org.testng.SuiteRunnerWorker.runSuite(SuiteRunnerWorker.java:52)
at org.testng.SuiteRunnerWorker.run(SuiteRunnerWorker.java:84)
at org.testng.TestNG.runSuitesSequentially(TestNG.java:1208)
at org.testng.TestNG.runSuitesLocally(TestNG.java:1137)
at org.testng.TestNG.runSuites(TestNG.java:1049)
at org.testng.TestNG.run(TestNG.java:1017)
at org.testng.remote.AbstractRemoteTestNG.run(AbstractRemoteTestNG.java:114)
at org.testng.remote.RemoteTestNG.initAndRun(RemoteTestNG.java:251)
at org.testng.remote.RemoteTestNG.main(RemoteTestNG.java:77)
]]>
    </failure>
  </testcase> <!-- printSomething -->
  <testcase name="PrintParameters" time="0.0" classname="com.automation.practice.selenium.TestNGTest">
    <failure type="org.testng.TestNGException" message="
Parameter &amp;apos;browser&amp;apos; is required by @Test on method PrintParameters but has not been marked @Optional or defined
in C:\Users\IBM_ADMIN\AppData\Local\Temp\testng-eclipse--1253501912\testng-customsuite.xml">
      <![CDATA[org.testng.TestNGException: 
Parameter 'browser' is required by @Test on method PrintParameters but has not been marked @Optional or defined
in C:\Users\IBM_ADMIN\AppData\Local\Temp\testng-eclipse--1253501912\testng-customsuite.xml
at org.testng.internal.Parameters.createParams(Parameters.java:290)
at org.testng.internal.Parameters.createParametersForMethod(Parameters.java:359)
at org.testng.internal.Parameters.createParameters(Parameters.java:620)
at org.testng.internal.Parameters.handleParameters(Parameters.java:769)
at org.testng.internal.ParameterHandler.handleParameters(ParameterHandler.java:49)
at org.testng.internal.ParameterHandler.createParameters(ParameterHandler.java:37)
at org.testng.internal.Invoker.invokeTestMethods(Invoker.java:923)
at org.testng.internal.TestMethodWorker.invokeTestMethods(TestMethodWorker.java:125)
at org.testng.internal.TestMethodWorker.run(TestMethodWorker.java:109)
at org.testng.TestRunner.privateRun(TestRunner.java:648)
at org.testng.TestRunner.run(TestRunner.java:505)
at org.testng.SuiteRunner.runTest(SuiteRunner.java:455)
at org.testng.SuiteRunner.runSequentially(SuiteRunner.java:450)
at org.testng.SuiteRunner.privateRun(SuiteRunner.java:415)
at org.testng.SuiteRunner.run(SuiteRunner.java:364)
at org.testng.SuiteRunnerWorker.runSuite(SuiteRunnerWorker.java:52)
at org.testng.SuiteRunnerWorker.run(SuiteRunnerWorker.java:84)
at org.testng.TestNG.runSuitesSequentially(TestNG.java:1208)
at org.testng.TestNG.runSuitesLocally(TestNG.java:1137)
at org.testng.TestNG.runSuites(TestNG.java:1049)
at org.testng.TestNG.run(TestNG.java:1017)
at org.testng.remote.AbstractRemoteTestNG.run(AbstractRemoteTestNG.java:114)
at org.testng.remote.RemoteTestNG.initAndRun(RemoteTestNG.java:251)
at org.testng.remote.RemoteTestNG.main(RemoteTestNG.java:77)
]]>
    </failure>
  </testcase> <!-- PrintParameters -->
  <testcase name="testData" time="0.001" classname="com.automation.practice.selenium.TestNGTest"/>
  <testcase name="testData" time="0.001" classname="com.automation.practice.selenium.TestNGTest"/>
  <testcase name="sampleTest" time="0.001" classname="com.automation.practice.selenium.TestNGTest"/>
  <testcase name="sampleTest" time="0.002" classname="com.automation.practice.selenium.TestNGTest"/>
  <testcase name="sampleTest" time="0.001" classname="com.automation.practice.selenium.TestNGTest"/>
  <testcase name="sampleTest" time="0.001" classname="com.automation.practice.selenium.TestNGTest"/>
  <testcase name="sampleTest" time="0.001" classname="com.automation.practice.selenium.TestNGTest"/>
  <testcase name="sampleTest1" time="0.002" classname="com.automation.practice.selenium.TestNGTest"/>
  <testcase name="sampleTest1" time="0.001" classname="com.automation.practice.selenium.TestNGTest"/>
  <testcase name="sampleTest1" time="0.001" classname="com.automation.practice.selenium.TestNGTest"/>
  <testcase name="sampleTest1" time="0.001" classname="com.automation.practice.selenium.TestNGTest"/>
  <testcase name="sampleTest1" time="0.002" classname="com.automation.practice.selenium.TestNGTest"/>
  <testcase name="sampleTest1" time="0.001" classname="com.automation.practice.selenium.TestNGTest"/>
  <testcase name="sampleTest1" time="0.001" classname="com.automation.practice.selenium.TestNGTest"/>
  <testcase name="sampleTest1" time="0.001" classname="com.automation.practice.selenium.TestNGTest"/>
  <testcase name="sampleTest1" time="0.001" classname="com.automation.practice.selenium.TestNGTest"/>
  <testcase name="sampleTest1" time="0.001" classname="com.automation.practice.selenium.TestNGTest"/>
  <testcase name="sampleTest1" time="0.001" classname="com.automation.practice.selenium.TestNGTest"/>
  <testcase name="sampleTest1" time="0.001" classname="com.automation.practice.selenium.TestNGTest"/>
  <testcase name="sampleTest1" time="0.001" classname="com.automation.practice.selenium.TestNGTest"/>
  <testcase name="sampleTest1" time="0.001" classname="com.automation.practice.selenium.TestNGTest"/>
  <testcase name="sampleTest1" time="0.001" classname="com.automation.practice.selenium.TestNGTest"/>
  <testcase name="sampleTest1" time="0.002" classname="com.automation.practice.selenium.TestNGTest"/>
  <testcase name="sampleTest1" time="0.001" classname="com.automation.practice.selenium.TestNGTest"/>
  <testcase name="sampleTest1" time="0.001" classname="com.automation.practice.selenium.TestNGTest"/>
  <testcase name="sampleTest1" time="0.001" classname="com.automation.practice.selenium.TestNGTest"/>
  <testcase name="sampleTest1" time="0.002" classname="com.automation.practice.selenium.TestNGTest"/>
</testsuite> <!-- Default test -->
